BRL-CAD Release 7.22.0  The BRL-CAD Raytracer RT
    Tue, 26 Jun 2012 07:56:54 +0200, Compilation 0
    jordi@jordi-desktop:/usr/brlcad
BRL-CAD Release 7.22.0  The BRL-CAD Ray-Tracing Library
    Tue, 26 Jun 2012 07:56:54 +0200, Compilation 0
    jordi@jordi-desktop:/usr/brlcad
BRL-CAD Release 7.22.0  The BRL-CAD Numerical Computation Library
    Tue, 26 Jun 2012 07:56:54 +0200, Compilation 0
    jordi@jordi-desktop:/usr/brlcad
BRL-CAD Release 7.22.0  The BRL-CAD Utility Library
    Tue, 26 Jun 2012 07:56:54 +0200, Compilation 0
    jordi@jordi-desktop:/usr/brlcad

Running on batman
Planning to run with 2 processors
rt -M -o black.pix -s1024 -k -1,0,0,0 -W
opendb /home/harmanpreet/public_html/cgi-bin/wBRLCAD/civil/watertank/rtImages/columns.g;
tree watertank.r;
db title:  Untitled BRL-CAD Database
DIRBUILD: cpu = 0.004 sec, elapsed = 0.00162 sec
    parent: 0.0user 0.0sys 0:00real 0% 0i+0d 2370maxrss 0+167pf 0+1csw
  children: 0.0user 0.0sys 0:00real 0% 0i+0d 0maxrss 0+0pf 0+0csw
Additional mem=151552., #malloc=518, #free=443, #realloc=5 (75 retained)
0822ba88 TOL 5.000000e-04 (sq=2.500000e-07) perp=1.000000e-06, para=9.999990e-01
BRL-CAD Release 7.22.0  The BRL-CAD Optical Shader Library
    Tue, 26 Jun 2012 07:56:54 +0200, Compilation 0
    jordi@jordi-desktop:/usr/brlcad
Additional mem=540672., #malloc=2057, #free=5, #realloc=1 (2052 retained)
Warning:  region unioned into region at '/watertank.r/foundationColumn0/stirrupSteelBarCombination.c/stirrup.r', lower region info ignored
Warning:  region unioned into region at '/watertank.r/foundationColumn0/stirrupSteelBarCombination.c/steelBar.r', lower region info ignored
Warning:  region unioned into region at '/watertank.r/foundationColumn1/stirrupSteelBarCombination.c/stirrup.r', lower region info ignored
Warning:  region unioned into region at '/watertank.r/foundationColumn1/stirrupSteelBarCombination.c/steelBar.r', lower region info ignored
Warning:  region unioned into region at '/watertank.r/foundationColumn2/stirrupSteelBarCombination.c/stirrup.r', lower region info ignored
Warning:  region unioned into region at '/watertank.r/foundationColumn2/stirrupSteelBarCombination.c/steelBar.r', lower region info ignored
Warning:  region unioned into region at '/watertank.r/foundationColumn3/stirrupSteelBarCombination.c/stirrup.r', lower region info ignored
Warning:  region unioned into region at '/watertank.r/foundationColumn3/stirrupSteelBarCombination.c/steelBar.r', lower region info ignored
Warning:  region unioned into region at '/watertank.r/foundationColumn4/stirrupSteelBarCombination.c/stirrup.r', lower region info ignored
Warning:  region unioned into region at '/watertank.r/foundationColumn4/stirrupSteelBarCombination.c/steelBar.r', lower region info ignored
Warning:  region unioned into region at '/watertank.r/foundationColumn5/stirrupSteelBarCombination.c/stirrup.r', lower region info ignored
Warning:  region unioned into region at '/watertank.r/foundationColumn5/stirrupSteelBarCombination.c/steelBar.r', lower region info ignored
Warning:  region unioned into region at '/watertank.r/foundationColumn6/stirrupSteelBarCombination.c/stirrup.r', lower region info ignored
Warning:  region unioned into region at '/watertank.r/foundationColumn6/stirrupSteelBarCombination.c/steelBar.r', lower region info ignored
Warning:  region unioned into region at '/watertank.r/foundationColumn7/stirrupSteelBarCombination.c/stirrup.r', lower region info ignored
Warning:  region unioned into region at '/watertank.r/foundationColumn7/stirrupSteelBarCombination.c/steelBar.r', lower region info ignored
GETTREE: cpu = 0.036003 sec, elapsed = 0.034707 sec
    parent: 0.0user 0.0sys 0:00real 100% 0i+0d 3692maxrss 0+424pf 5+6csw
  children: 0.0user 0.0sys 0:00real 0% 0i+0d 0maxrss 0+0pf 0+0csw
Additional mem=0., #malloc=83021, #free=71669, #realloc=102 (11352 retained)

...................Frame     0...................
PREP: cpu = 0.024001 sec, elapsed = 0.023434 sec
    parent: 0.0user 0.0sys 0:00real 100% 0i+0d 4082maxrss 0+175pf 0+5csw
  children: 0.0user 0.0sys 0:00real 0% 0i+0d 0maxrss 0+0pf 0+0csw
Additional mem=675840., #malloc=5474, #free=2705, #realloc=4 (2769 retained)
NUBSP: 0 nu, 2669 cut, 2670 box (2670 empty)
Tree: 1874 solids in 1 regions
Model: X(-12850, 12850), Y(-12850, 12850), Z(-4, 38300)
View: 0 azimuth, -7.76503e-19 elevation off of front view
Orientation: 0.5, 0.5, 0.5, 0.5
Eye_pos: 111983, 0, 18800
Size: 43133.3mm
Grid: (42.1224, 42.1224) mm, (1024, 1024) pixels
Beam: radius=21.0612 mm, divergence=0 mm/1mm
Output file is 'black.pix' 1024x1024 pixels
Low overhead scanline-per-CPU buffering

SHOT: cpu = 145.745 sec, elapsed = 80.8791 sec
    parent: 145.7user 0.1sys 1:20real 180% 0i+0d 5690maxrss 0+1573pf 1+51751csw
  children: 0.0user 0.0sys 1:20real 0% 0i+0d 0maxrss 0+0pf 0+0csw
Additional mem=0., #malloc=1228, #free=1077, #realloc=3 (151 retained)
2820157 solid/ray intersections: 1811174 hits + 1008983 miss
pruned 64.2%:  493177 model RPP, 17392722 dups skipped, 1253560 solid RPP
Frame  0:    1048576 pixels in     72.87 sec =     14389.18 pixels/sec
Frame  0:    1048576 rays   in     72.87 sec =     14389.18 rays/sec (RTFM)
Frame  0:    1048576 rays   in    145.75 sec =      7194.59 rays/CPU_sec
Frame  0:    1048576 rays   in     80.88 sec =     12964.73 rays/sec (wallclock)

