BRL-CAD Release 7.22.0  The BRL-CAD Raytracer RT
    Tue, 26 Jun 2012 07:56:54 +0200, Compilation 0
    jordi@jordi-desktop:/usr/brlcad
BRL-CAD Release 7.22.0  The BRL-CAD Ray-Tracing Library
    Tue, 26 Jun 2012 07:56:54 +0200, Compilation 0
    jordi@jordi-desktop:/usr/brlcad
BRL-CAD Release 7.22.0  The BRL-CAD Numerical Computation Library
    Tue, 26 Jun 2012 07:56:54 +0200, Compilation 0
    jordi@jordi-desktop:/usr/brlcad
BRL-CAD Release 7.22.0  The BRL-CAD Utility Library
    Tue, 26 Jun 2012 07:56:54 +0200, Compilation 0
    jordi@jordi-desktop:/usr/brlcad

Running on batman
Planning to run with 2 processors
rt -M -o blackmatter.pix -s1024 -k -1,0,0,0 -W
opendb /home/harmanpreet/public_html/cgi-bin/wBRLCAD/civil/watertank/rtImages/columns.g;
tree watertank.r;
db title:  Untitled BRL-CAD Database
DIRBUILD: cpu = 1e-05 sec, elapsed = 0.000631 sec
    parent: 0.0user 0.0sys 0:00real 0% 0i+0d 2372maxrss 0+155pf 0+0csw
  children: 0.0user 0.0sys 0:00real 0% 0i+0d 0maxrss 0+0pf 0+0csw
Additional mem=151552., #malloc=520, #free=445, #realloc=5 (75 retained)
09428a88 TOL 5.000000e-04 (sq=2.500000e-07) perp=1.000000e-06, para=9.999990e-01
BRL-CAD Release 7.22.0  The BRL-CAD Optical Shader Library
    Tue, 26 Jun 2012 07:56:54 +0200, Compilation 0
    jordi@jordi-desktop:/usr/brlcad
Additional mem=540672., #malloc=2057, #free=5, #realloc=1 (2052 retained)
Warning:  region unioned into region at '/watertank.r/foundationColumn0/stirrupSteelBarCombination.c/stirrup.r', lower region info ignored
Warning:  region unioned into region at '/watertank.r/foundationColumn0/stirrupSteelBarCombination.c/steelBar.r', lower region info ignored
Warning:  region unioned into region at '/watertank.r/foundationColumn1/stirrupSteelBarCombination.c/stirrup.r', lower region info ignored
Warning:  region unioned into region at '/watertank.r/foundationColumn1/stirrupSteelBarCombination.c/steelBar.r', lower region info ignored
Warning:  region unioned into region at '/watertank.r/foundationColumn2/stirrupSteelBarCombination.c/stirrup.r', lower region info ignored
Warning:  region unioned into region at '/watertank.r/foundationColumn2/stirrupSteelBarCombination.c/steelBar.r', lower region info ignored
Warning:  region unioned into region at '/watertank.r/foundationColumn3/stirrupSteelBarCombination.c/stirrup.r', lower region info ignored
Warning:  region unioned into region at '/watertank.r/foundationColumn3/stirrupSteelBarCombination.c/steelBar.r', lower region info ignored
Warning:  region unioned into region at '/watertank.r/foundationColumn4/stirrupSteelBarCombination.c/stirrup.r', lower region info ignored
Warning:  region unioned into region at '/watertank.r/foundationColumn4/stirrupSteelBarCombination.c/steelBar.r', lower region info ignored
Warning:  region unioned into region at '/watertank.r/foundationColumn5/stirrupSteelBarCombination.c/stirrup.r', lower region info ignored
Warning:  region unioned into region at '/watertank.r/foundationColumn5/stirrupSteelBarCombination.c/steelBar.r', lower region info ignored
Warning:  region unioned into region at '/watertank.r/foundationColumn6/stirrupSteelBarCombination.c/stirrup.r', lower region info ignored
Warning:  region unioned into region at '/watertank.r/foundationColumn6/stirrupSteelBarCombination.c/steelBar.r', lower region info ignored
Warning:  region unioned into region at '/watertank.r/foundationColumn7/stirrupSteelBarCombination.c/stirrup.r', lower region info ignored
Warning:  region unioned into region at '/watertank.r/foundationColumn7/stirrupSteelBarCombination.c/steelBar.r', lower region info ignored
GETTREE: cpu = 0.032002 sec, elapsed = 0.03148 sec
    parent: 0.0user 0.0sys 0:00real 100% 0i+0d 3694maxrss 0+423pf 6+7csw
  children: 0.0user 0.0sys 0:00real 0% 0i+0d 0maxrss 0+0pf 0+0csw
Additional mem=0., #malloc=83029, #free=71675, #realloc=102 (11354 retained)

...................Frame     0...................
Shader (name: "0" parameters: "")... WARNING: shader [0] not found
WARNING Unknown shader settings on /watertank.r
Default (plastic) material used instead of '0'.

PREP: cpu = 0.012001 sec, elapsed = 0.015028 sec
    parent: 0.0user 0.0sys 0:00real 50% 0i+0d 4028maxrss 0+171pf 0+1csw
  children: 0.0user 0.0sys 0:00real 0% 0i+0d 0maxrss 0+0pf 0+0csw
Additional mem=675840., #malloc=5485, #free=2717, #realloc=5 (2768 retained)
NUBSP: 0 nu, 2669 cut, 2670 box (2670 empty)
Tree: 1874 solids in 1 regions
Model: X(-12850, 12850), Y(-12850, 12850), Z(-4, 38300)
View: 0 azimuth, -7.76503e-19 elevation off of front view
Orientation: 0.5, 0.5, 0.5, 0.5
Eye_pos: 111983, 0, 18800
Size: 43133.3mm
Grid: (42.1224, 42.1224) mm, (1024, 1024) pixels
Beam: radius=21.0612 mm, divergence=0 mm/1mm
Output file is 'blackmatter.pix' 1024x1024 pixels
Low overhead scanline-per-CPU buffering

SHOT: cpu = 142.453 sec, elapsed = 79.7039 sec
    parent: 142.4user 0.1sys 1:19real 178% 0i+0d 5652maxrss 0+1581pf 4+46699csw
  children: 0.0user 0.0sys 1:19real 0% 0i+0d 0maxrss 0+0pf 0+0csw
Additional mem=0., #malloc=1238, #free=1077, #realloc=3 (161 retained)
2820157 solid/ray intersections: 1811174 hits + 1008983 miss
pruned 64.2%:  493177 model RPP, 17392722 dups skipped, 1253560 solid RPP
Frame  0:    1048576 pixels in     71.23 sec =     14721.72 pixels/sec
Frame  0:    1048576 rays   in     71.23 sec =     14721.72 rays/sec (RTFM)
Frame  0:    1048576 rays   in    142.45 sec =      7360.86 rays/CPU_sec
Frame  0:    1048576 rays   in     79.70 sec =     13155.89 rays/sec (wallclock)

