BRL-CAD Release 7.22.0  The BRL-CAD Raytracer RT
    Tue, 26 Jun 2012 07:56:54 +0200, Compilation 0
    jordi@jordi-desktop:/usr/brlcad
BRL-CAD Release 7.22.0  The BRL-CAD Ray-Tracing Library
    Tue, 26 Jun 2012 07:56:54 +0200, Compilation 0
    jordi@jordi-desktop:/usr/brlcad
BRL-CAD Release 7.22.0  The BRL-CAD Numerical Computation Library
    Tue, 26 Jun 2012 07:56:54 +0200, Compilation 0
    jordi@jordi-desktop:/usr/brlcad
BRL-CAD Release 7.22.0  The BRL-CAD Utility Library
    Tue, 26 Jun 2012 07:56:54 +0200, Compilation 0
    jordi@jordi-desktop:/usr/brlcad

Running on batman
Planning to run with 2 processors
rt -M -o cross-section.pix -s1024 -k 0,-5,0,500
opendb /home/harmanpreet/public_html/cgi-bin/wBRLCAD/civil/watertank/columns.g;
tree watertank.r;
db title:  Untitled BRL-CAD Database
DIRBUILD: cpu = 1e-05 sec, elapsed = 0.000623 sec
    parent: 0.0user 0.0sys 0:00real 0% 0i+0d 2370maxrss 0+155pf 0+0csw
  children: 0.0user 0.0sys 0:00real 0% 0i+0d 0maxrss 0+0pf 0+0csw
Additional mem=151552., #malloc=506, #free=431, #realloc=5 (75 retained)
096f5a78 TOL 5.000000e-04 (sq=2.500000e-07) perp=1.000000e-06, para=9.999990e-01
BRL-CAD Release 7.22.0  The BRL-CAD Optical Shader Library
    Tue, 26 Jun 2012 07:56:54 +0200, Compilation 0
    jordi@jordi-desktop:/usr/brlcad
Additional mem=540672., #malloc=2057, #free=5, #realloc=1 (2052 retained)
Warning:  region unioned into region at '/watertank.r/foundationColumn0/stirrupSteelBarCombination.c/stirrup.r', lower region info ignored
Warning:  region unioned into region at '/watertank.r/foundationColumn0/stirrupSteelBarCombination.c/steelBar.r', lower region info ignored
Warning:  region unioned into region at '/watertank.r/foundationColumn1/stirrupSteelBarCombination.c/stirrup.r', lower region info ignored
Warning:  region unioned into region at '/watertank.r/foundationColumn1/stirrupSteelBarCombination.c/steelBar.r', lower region info ignored
Warning:  region unioned into region at '/watertank.r/foundationColumn2/stirrupSteelBarCombination.c/stirrup.r', lower region info ignored
Warning:  region unioned into region at '/watertank.r/foundationColumn2/stirrupSteelBarCombination.c/steelBar.r', lower region info ignored
Warning:  region unioned into region at '/watertank.r/foundationColumn3/stirrupSteelBarCombination.c/stirrup.r', lower region info ignored
Warning:  region unioned into region at '/watertank.r/foundationColumn3/stirrupSteelBarCombination.c/steelBar.r', lower region info ignored
Warning:  region unioned into region at '/watertank.r/foundationColumn4/stirrupSteelBarCombination.c/stirrup.r', lower region info ignored
Warning:  region unioned into region at '/watertank.r/foundationColumn4/stirrupSteelBarCombination.c/steelBar.r', lower region info ignored
Warning:  region unioned into region at '/watertank.r/foundationColumn5/stirrupSteelBarCombination.c/stirrup.r', lower region info ignored
Warning:  region unioned into region at '/watertank.r/foundationColumn5/stirrupSteelBarCombination.c/steelBar.r', lower region info ignored
Warning:  region unioned into region at '/watertank.r/foundationColumn6/stirrupSteelBarCombination.c/stirrup.r', lower region info ignored
Warning:  region unioned into region at '/watertank.r/foundationColumn6/stirrupSteelBarCombination.c/steelBar.r', lower region info ignored
Warning:  region unioned into region at '/watertank.r/foundationColumn7/stirrupSteelBarCombination.c/stirrup.r', lower region info ignored
Warning:  region unioned into region at '/watertank.r/foundationColumn7/stirrupSteelBarCombination.c/steelBar.r', lower region info ignored
GETTREE: cpu = 0.020001 sec, elapsed = 0.022292 sec
    parent: 0.0user 0.0sys 0:00real 100% 0i+0d 3560maxrss 0+421pf 6+3csw
  children: 0.0user 0.0sys 0:00real 0% 0i+0d 0maxrss 0+0pf 0+0csw
Additional mem=0., #malloc=55584, #free=44247, #realloc=100 (11337 retained)

...................Frame     0...................
PREP: cpu = 0.020002 sec, elapsed = 0.024746 sec
    parent: 0.0user 0.0sys 0:00real 100% 0i+0d 3950maxrss 0+176pf 0+2csw
  children: 0.0user 0.0sys 0:00real 0% 0i+0d 0maxrss 0+0pf 0+0csw
Additional mem=675840., #malloc=5473, #free=2705, #realloc=4 (2768 retained)
NUBSP: 0 nu, 2669 cut, 2670 box (2670 empty)
Tree: 1874 solids in 1 regions
Model: X(-12850, 12850), Y(-12850, 12850), Z(-4, 38300)
View: 35 azimuth, 25 elevation off of front view
Orientation: 0.248097, 0.476591, 0.748097, 0.389435
Eye_pos: 84674.8, 59900.4, 65371.6
Size: 43133.3mm
Grid: (42.1224, 42.1224) mm, (1024, 1024) pixels
Beam: radius=21.0612 mm, divergence=0 mm/1mm
Output file is 'cross-section.pix' 1024x1024 pixels
Low overhead scanline-per-CPU buffering

SHOT: cpu = 185.728 sec, elapsed = 95.2666 sec
    parent: 185.7user 0.0sys 1:35real 195% 0i+0d 5568maxrss 0+1580pf 5+38350csw
  children: 0.0user 0.0sys 1:35real 0% 0i+0d 0maxrss 0+0pf 0+0csw
Additional mem=0., #malloc=1188, #free=1077, #realloc=3 (111 retained)
5039742 solid/ray intersections: 2709524 hits + 2330218 miss
pruned 53.8%:  234412 model RPP, 24575526 dups skipped, 1702499 solid RPP
Frame  0:    1048576 pixels in     92.86 sec =     11291.55 pixels/sec
Frame  0:    1048576 rays   in     92.86 sec =     11291.55 rays/sec (RTFM)
Frame  0:    1048576 rays   in    185.73 sec =      5645.77 rays/CPU_sec
Frame  0:    1048576 rays   in     95.27 sec =     11006.75 rays/sec (wallclock)

