BRL-CAD Release 7.22.0  The BRL-CAD Raytracer RT
    Tue, 26 Jun 2012 07:56:54 +0200, Compilation 0
    jordi@jordi-desktop:/usr/brlcad
BRL-CAD Release 7.22.0  The BRL-CAD Ray-Tracing Library
    Tue, 26 Jun 2012 07:56:54 +0200, Compilation 0
    jordi@jordi-desktop:/usr/brlcad
BRL-CAD Release 7.22.0  The BRL-CAD Numerical Computation Library
    Tue, 26 Jun 2012 07:56:54 +0200, Compilation 0
    jordi@jordi-desktop:/usr/brlcad
BRL-CAD Release 7.22.0  The BRL-CAD Utility Library
    Tue, 26 Jun 2012 07:56:54 +0200, Compilation 0
    jordi@jordi-desktop:/usr/brlcad

Running on batman
Planning to run with 2 processors
rt -M -o cylinder.pix -s1024 -k -1,0,0,0
opendb /home/harmanpreet/public_html/cgi-bin/wBRLCAD/civil/watertank/columns.g;
tree watertank.r;
db title:  Untitled BRL-CAD Database
DIRBUILD: cpu = 1e-05 sec, elapsed = 0.0006 sec
    parent: 0.0user 0.0sys 0:00real 0% 0i+0d 2370maxrss 0+155pf 0+0csw
  children: 0.0user 0.0sys 0:00real 0% 0i+0d 0maxrss 0+0pf 0+0csw
Additional mem=151552., #malloc=506, #free=431, #realloc=5 (75 retained)
093aea78 TOL 5.000000e-04 (sq=2.500000e-07) perp=1.000000e-06, para=9.999990e-01
BRL-CAD Release 7.22.0  The BRL-CAD Optical Shader Library
    Tue, 26 Jun 2012 07:56:54 +0200, Compilation 0
    jordi@jordi-desktop:/usr/brlcad
Additional mem=540672., #malloc=2057, #free=5, #realloc=1 (2052 retained)
Warning:  region unioned into region at '/watertank.r/foundationColumn0/stirrupSteelBarCombination.c/stirrup.r', lower region info ignored
Warning:  region unioned into region at '/watertank.r/foundationColumn0/stirrupSteelBarCombination.c/steelBar.r', lower region info ignored
Warning:  region unioned into region at '/watertank.r/foundationColumn1/stirrupSteelBarCombination.c/stirrup.r', lower region info ignored
Warning:  region unioned into region at '/watertank.r/foundationColumn1/stirrupSteelBarCombination.c/steelBar.r', lower region info ignored
Warning:  region unioned into region at '/watertank.r/foundationColumn2/stirrupSteelBarCombination.c/stirrup.r', lower region info ignored
Warning:  region unioned into region at '/watertank.r/foundationColumn2/stirrupSteelBarCombination.c/steelBar.r', lower region info ignored
Warning:  region unioned into region at '/watertank.r/foundationColumn3/stirrupSteelBarCombination.c/stirrup.r', lower region info ignored
Warning:  region unioned into region at '/watertank.r/foundationColumn3/stirrupSteelBarCombination.c/steelBar.r', lower region info ignored
Warning:  region unioned into region at '/watertank.r/foundationColumn4/stirrupSteelBarCombination.c/stirrup.r', lower region info ignored
Warning:  region unioned into region at '/watertank.r/foundationColumn4/stirrupSteelBarCombination.c/steelBar.r', lower region info ignored
Warning:  region unioned into region at '/watertank.r/foundationColumn5/stirrupSteelBarCombination.c/stirrup.r', lower region info ignored
Warning:  region unioned into region at '/watertank.r/foundationColumn5/stirrupSteelBarCombination.c/steelBar.r', lower region info ignored
Warning:  region unioned into region at '/watertank.r/foundationColumn6/stirrupSteelBarCombination.c/stirrup.r', lower region info ignored
Warning:  region unioned into region at '/watertank.r/foundationColumn6/stirrupSteelBarCombination.c/steelBar.r', lower region info ignored
Warning:  region unioned into region at '/watertank.r/foundationColumn7/stirrupSteelBarCombination.c/stirrup.r', lower region info ignored
Warning:  region unioned into region at '/watertank.r/foundationColumn7/stirrupSteelBarCombination.c/steelBar.r', lower region info ignored
GETTREE: cpu = 0.024002 sec, elapsed = 0.021989 sec
    parent: 0.0user 0.0sys 0:00real 100% 0i+0d 3560maxrss 0+421pf 6+4csw
  children: 0.0user 0.0sys 0:00real 0% 0i+0d 0maxrss 0+0pf 0+0csw
Additional mem=0., #malloc=55584, #free=44247, #realloc=100 (11337 retained)

...................Frame     0...................
PREP: cpu = 0.016001 sec, elapsed = 0.015256 sec
    parent: 0.0user 0.0sys 0:00real 100% 0i+0d 3950maxrss 0+176pf 0+1csw
  children: 0.0user 0.0sys 0:00real 0% 0i+0d 0maxrss 0+0pf 0+0csw
Additional mem=675840., #malloc=5473, #free=2705, #realloc=4 (2768 retained)
NUBSP: 0 nu, 2669 cut, 2670 box (2670 empty)
Tree: 1874 solids in 1 regions
Model: X(-12850, 12850), Y(-12850, 12850), Z(-4, 38300)
View: 0 azimuth, 0 elevation off of front view
Orientation: 0.5, 0.5, 0.5, 0.5
Eye_pos: 126752, -6303.3, 32156.7
Size: 14377.8mm
Grid: (14.0408, 14.0408) mm, (1024, 1024) pixels
Beam: radius=7.0204 mm, divergence=0 mm/1mm
Output file is 'cylinder.pix' 1024x1024 pixels
Low overhead scanline-per-CPU buffering

SHOT: cpu = 259.292 sec, elapsed = 249.787 sec
    parent: 259.2user 0.2sys 4:09real 103% 0i+0d 5570maxrss 0+1581pf 6+79485csw
  children: 0.0user 0.0sys 4:09real 0% 0i+0d 0maxrss 0+0pf 0+0csw
Additional mem=0., #malloc=1214, #free=1077, #realloc=3 (137 retained)
4984082 solid/ray intersections: 3430522 hits + 1553560 miss
pruned 68.8%:  119476 model RPP, 27468357 dups skipped, 2079738 solid RPP
Frame  0:    1048576 pixels in    129.65 sec =      8087.99 pixels/sec
Frame  0:    1048576 rays   in    129.65 sec =      8087.99 rays/sec (RTFM)
Frame  0:    1048576 rays   in    259.29 sec =      4043.99 rays/CPU_sec
Frame  0:    1048576 rays   in    249.79 sec =      4197.88 rays/sec (wallclock)

