
ERROR: bad cutting plane


ERROR: bad cutting plane


ERROR: bad cutting plane

BRL-CAD Release 7.22.0  The BRL-CAD Raytracer RT
    Tue, 26 Jun 2012 07:56:54 +0200, Compilation 0
    jordi@jordi-desktop:/usr/brlcad
BRL-CAD Release 7.22.0  The BRL-CAD Ray-Tracing Library
    Tue, 26 Jun 2012 07:56:54 +0200, Compilation 0
    jordi@jordi-desktop:/usr/brlcad
BRL-CAD Release 7.22.0  The BRL-CAD Numerical Computation Library
    Tue, 26 Jun 2012 07:56:54 +0200, Compilation 0
    jordi@jordi-desktop:/usr/brlcad
BRL-CAD Release 7.22.0  The BRL-CAD Utility Library
    Tue, 26 Jun 2012 07:56:54 +0200, Compilation 0
    jordi@jordi-desktop:/usr/brlcad

Running on batman
Planning to run with 2 processors
rt -M -o foundationCrossSection.pix
opendb rt;
tree -s1024 -k 0,-5,0 2000 /home/harmanpreet/public_html/cgi-bin/wBRLCAD/civil/watertank/columns.g watertank.r;
rt:  rt_dirbuild(rt) failure

ERROR: bad cutting plane

BRL-CAD Release 7.22.0  The BRL-CAD Raytracer RT
    Tue, 26 Jun 2012 07:56:54 +0200, Compilation 0
    jordi@jordi-desktop:/usr/brlcad
BRL-CAD Release 7.22.0  The BRL-CAD Ray-Tracing Library
    Tue, 26 Jun 2012 07:56:54 +0200, Compilation 0
    jordi@jordi-desktop:/usr/brlcad
BRL-CAD Release 7.22.0  The BRL-CAD Numerical Computation Library
    Tue, 26 Jun 2012 07:56:54 +0200, Compilation 0
    jordi@jordi-desktop:/usr/brlcad
BRL-CAD Release 7.22.0  The BRL-CAD Utility Library
    Tue, 26 Jun 2012 07:56:54 +0200, Compilation 0
    jordi@jordi-desktop:/usr/brlcad

Running on batman
Planning to run with 2 processors
rt -M -o foundationCrossSection.pix -s1024 -k 0,-5,0,2000
opendb /home/harmanpreet/public_html/cgi-bin/wBRLCAD/civil/watertank/columns.g;
tree watertank.r;
db title:  Untitled BRL-CAD Database
DIRBUILD: cpu = 1e-05 sec, elapsed = 0.000638 sec
    parent: 0.0user 0.0sys 0:00real 0% 0i+0d 2372maxrss 0+155pf 0+0csw
  children: 0.0user 0.0sys 0:00real 0% 0i+0d 0maxrss 0+0pf 0+0csw
Additional mem=151552., #malloc=506, #free=431, #realloc=5 (75 retained)
08177a78 TOL 5.000000e-04 (sq=2.500000e-07) perp=1.000000e-06, para=9.999990e-01
BRL-CAD Release 7.22.0  The BRL-CAD Optical Shader Library
    Tue, 26 Jun 2012 07:56:54 +0200, Compilation 0
    jordi@jordi-desktop:/usr/brlcad
Additional mem=540672., #malloc=2057, #free=5, #realloc=1 (2052 retained)
Warning:  region unioned into region at '/watertank.r/foundationColumn0/stirrupSteelBarCombination.c/stirrup.r', lower region info ignored
Warning:  region unioned into region at '/watertank.r/foundationColumn0/stirrupSteelBarCombination.c/steelBar.r', lower region info ignored
Warning:  region unioned into region at '/watertank.r/foundationColumn1/stirrupSteelBarCombination.c/stirrup.r', lower region info ignored
Warning:  region unioned into region at '/watertank.r/foundationColumn1/stirrupSteelBarCombination.c/steelBar.r', lower region info ignored
Warning:  region unioned into region at '/watertank.r/foundationColumn2/stirrupSteelBarCombination.c/stirrup.r', lower region info ignored
Warning:  region unioned into region at '/watertank.r/foundationColumn2/stirrupSteelBarCombination.c/steelBar.r', lower region info ignored
Warning:  region unioned into region at '/watertank.r/foundationColumn3/stirrupSteelBarCombination.c/stirrup.r', lower region info ignored
Warning:  region unioned into region at '/watertank.r/foundationColumn3/stirrupSteelBarCombination.c/steelBar.r', lower region info ignored
Warning:  region unioned into region at '/watertank.r/foundationColumn4/stirrupSteelBarCombination.c/stirrup.r', lower region info ignored
Warning:  region unioned into region at '/watertank.r/foundationColumn4/stirrupSteelBarCombination.c/steelBar.r', lower region info ignored
Warning:  region unioned into region at '/watertank.r/foundationColumn5/stirrupSteelBarCombination.c/stirrup.r', lower region info ignored
Warning:  region unioned into region at '/watertank.r/foundationColumn5/stirrupSteelBarCombination.c/steelBar.r', lower region info ignored
Warning:  region unioned into region at '/watertank.r/foundationColumn6/stirrupSteelBarCombination.c/stirrup.r', lower region info ignored
Warning:  region unioned into region at '/watertank.r/foundationColumn6/stirrupSteelBarCombination.c/steelBar.r', lower region info ignored
Warning:  region unioned into region at '/watertank.r/foundationColumn7/stirrupSteelBarCombination.c/stirrup.r', lower region info ignored
Warning:  region unioned into region at '/watertank.r/foundationColumn7/stirrupSteelBarCombination.c/steelBar.r', lower region info ignored
GETTREE: cpu = 0.020002 sec, elapsed = 0.022536 sec
    parent: 0.0user 0.0sys 0:00real 100% 0i+0d 3562maxrss 0+422pf 5+4csw
  children: 0.0user 0.0sys 0:00real 0% 0i+0d 0maxrss 0+0pf 0+0csw
Additional mem=0., #malloc=55584, #free=44247, #realloc=100 (11337 retained)

...................Frame     0...................
PREP: cpu = 0.020001 sec, elapsed = 0.021095 sec
    parent: 0.0user 0.0sys 0:00real 100% 0i+0d 3950maxrss 0+176pf 0+2csw
  children: 0.0user 0.0sys 0:00real 0% 0i+0d 0maxrss 0+0pf 0+0csw
Additional mem=675840., #malloc=5473, #free=2705, #realloc=4 (2768 retained)
NUBSP: 0 nu, 2669 cut, 2670 box (2670 empty)
Tree: 1874 solids in 1 regions
Model: X(-12850, 12850), Y(-12850, 12850), Z(-4, 38300)
View: 35 azimuth, 25 elevation off of front view
Orientation: 0.248097, 0.476591, 0.748097, 0.389435
Eye_pos: 99134.3, 69071.2, 59091.5
Size: 16175mm
Grid: (15.7959, 15.7959) mm, (1024, 1024) pixels
Beam: radius=7.89795 mm, divergence=0 mm/1mm
Output file is 'foundationCrossSection.pix' 1024x1024 pixels
Low overhead scanline-per-CPU buffering

SHOT: cpu = 139.005 sec, elapsed = 70.6909 sec
    parent: 139.0user 0.0sys 1:10real 196% 0i+0d 5564maxrss 0+1577pf 7+28145csw
  children: 0.0user 0.0sys 1:10real 0% 0i+0d 0maxrss 0+0pf 0+0csw
Additional mem=0., #malloc=1166, #free=1077, #realloc=3 (89 retained)
6957173 solid/ray intersections: 3394221 hits + 3562952 miss
pruned 48.8%:  16532 model RPP, 27796007 dups skipped, 4350312 solid RPP
Frame  0:    1048576 pixels in     69.50 sec =     15086.92 pixels/sec
Frame  0:    1048576 rays   in     69.50 sec =     15086.92 rays/sec (RTFM)
Frame  0:    1048576 rays   in    139.00 sec =      7543.46 rays/CPU_sec
Frame  0:    1048576 rays   in     70.69 sec =     14833.25 rays/sec (wallclock)

