BRL-CAD Release 7.22.0  The BRL-CAD Raytracer RT
    Tue, 26 Jun 2012 07:56:54 +0200, Compilation 0
    jordi@jordi-desktop:/usr/brlcad
BRL-CAD Release 7.22.0  The BRL-CAD Ray-Tracing Library
    Tue, 26 Jun 2012 07:56:54 +0200, Compilation 0
    jordi@jordi-desktop:/usr/brlcad
BRL-CAD Release 7.22.0  The BRL-CAD Numerical Computation Library
    Tue, 26 Jun 2012 07:56:54 +0200, Compilation 0
    jordi@jordi-desktop:/usr/brlcad
BRL-CAD Release 7.22.0  The BRL-CAD Utility Library
    Tue, 26 Jun 2012 07:56:54 +0200, Compilation 0
    jordi@jordi-desktop:/usr/brlcad

Running on batman
Planning to run with 2 processors
rt -M -o plinth.pix -s1024
opendb /home/harmanpreet/public_html/cgi-bin/wBRLCAD/civil/watertank/columns.g;
tree watertank.r;
db title:  Untitled BRL-CAD Database
DIRBUILD: cpu = 1e-05 sec, elapsed = 0.000667 sec
    parent: 0.0user 0.0sys 0:00real 0% 0i+0d 2372maxrss 0+172pf 0+0csw
  children: 0.0user 0.0sys 0:00real 0% 0i+0d 0maxrss 0+0pf 0+0csw
Additional mem=151552., #malloc=506, #free=431, #realloc=4 (75 retained)
090aca78 TOL 5.000000e-04 (sq=2.500000e-07) perp=1.000000e-06, para=9.999990e-01
BRL-CAD Release 7.22.0  The BRL-CAD Optical Shader Library
    Tue, 26 Jun 2012 07:56:54 +0200, Compilation 0
    jordi@jordi-desktop:/usr/brlcad
Additional mem=540672., #malloc=2053, #free=5, #realloc=1 (2048 retained)
Warning:  region unioned into region at '/watertank.r/foundationColumn0/stirrupSteelBarCombination.c/stirrup.r', lower region info ignored
Warning:  region unioned into region at '/watertank.r/foundationColumn0/stirrupSteelBarCombination.c/steelBar.r', lower region info ignored
Warning:  region unioned into region at '/watertank.r/foundationColumn1/stirrupSteelBarCombination.c/stirrup.r', lower region info ignored
Warning:  region unioned into region at '/watertank.r/foundationColumn1/stirrupSteelBarCombination.c/steelBar.r', lower region info ignored
Warning:  region unioned into region at '/watertank.r/foundationColumn2/stirrupSteelBarCombination.c/stirrup.r', lower region info ignored
Warning:  region unioned into region at '/watertank.r/foundationColumn2/stirrupSteelBarCombination.c/steelBar.r', lower region info ignored
Warning:  region unioned into region at '/watertank.r/foundationColumn3/stirrupSteelBarCombination.c/stirrup.r', lower region info ignored
Warning:  region unioned into region at '/watertank.r/foundationColumn3/stirrupSteelBarCombination.c/steelBar.r', lower region info ignored
Warning:  region unioned into region at '/watertank.r/foundationColumn4/stirrupSteelBarCombination.c/stirrup.r', lower region info ignored
Warning:  region unioned into region at '/watertank.r/foundationColumn4/stirrupSteelBarCombination.c/steelBar.r', lower region info ignored
Warning:  region unioned into region at '/watertank.r/foundationColumn5/stirrupSteelBarCombination.c/stirrup.r', lower region info ignored
Warning:  region unioned into region at '/watertank.r/foundationColumn5/stirrupSteelBarCombination.c/steelBar.r', lower region info ignored
Warning:  region unioned into region at '/watertank.r/foundationColumn6/stirrupSteelBarCombination.c/stirrup.r', lower region info ignored
Warning:  region unioned into region at '/watertank.r/foundationColumn6/stirrupSteelBarCombination.c/steelBar.r', lower region info ignored
Warning:  region unioned into region at '/watertank.r/foundationColumn7/stirrupSteelBarCombination.c/stirrup.r', lower region info ignored
Warning:  region unioned into region at '/watertank.r/foundationColumn7/stirrupSteelBarCombination.c/steelBar.r', lower region info ignored
GETTREE: cpu = 0.020001 sec, elapsed = 0.022419 sec
    parent: 0.0user 0.0sys 0:00real 100% 0i+0d 3560maxrss 0+423pf 5+2csw
  children: 0.0user 0.0sys 0:00real 0% 0i+0d 0maxrss 0+0pf 0+0csw
Additional mem=0., #malloc=55584, #free=44247, #realloc=100 (11337 retained)

...................Frame     0...................
PREP: cpu = 0.024002 sec, elapsed = 0.027581 sec
    parent: 0.0user 0.0sys 0:00real 100% 0i+0d 3950maxrss 0+176pf 0+7csw
  children: 0.0user 0.0sys 0:00real 0% 0i+0d 0maxrss 0+0pf 0+0csw
Additional mem=675840., #malloc=5473, #free=2705, #realloc=4 (2768 retained)
NUBSP: 0 nu, 2669 cut, 2670 box (2670 empty)
Tree: 1874 solids in 1 regions
Model: X(-12850, 12850), Y(-12850, 12850), Z(-4, 38300)
View: 7.47705e-14 azimuth, 24 elevation off of front view
Orientation: 0.385118, 0.385118, 0.59303, 0.59303
Eye_pos: 120968, -5062.11, 56157.8
Size: 1010.94mm
Grid: (0.987244, 0.987244) mm, (1024, 1024) pixels
Beam: radius=0.493622 mm, divergence=0 mm/1mm
Output file is 'plinth.pix' 1024x1024 pixels
Low overhead scanline-per-CPU buffering

SHOT: cpu = 65.5721 sec, elapsed = 36.5489 sec
    parent: 65.5user 0.0sys 0:36real 179% 0i+0d 5564maxrss 0+1576pf 1+19233csw
  children: 0.0user 0.0sys 0:36real 0% 0i+0d 0maxrss 0+0pf 0+0csw
Additional mem=0., #malloc=1130, #free=1077, #realloc=3 (53 retained)
8084324 solid/ray intersections: 2923973 hits + 5160351 miss
pruned 36.2%:  0 model RPP, 25753167 dups skipped, 12725752 solid RPP
Frame  0:    1048576 pixels in     32.79 sec =     31982.38 pixels/sec
Frame  0:    1048576 rays   in     32.79 sec =     31982.38 rays/sec (RTFM)
Frame  0:    1048576 rays   in     65.57 sec =     15991.19 rays/CPU_sec
Frame  0:    1048576 rays   in     36.55 sec =     28689.64 rays/sec (wallclock)

